2022-09-14 23:36:53,234 __main__ INFO:Parameters: {'id': 1, 'hidden_neurons': 32, 'hidden_layers': 2, 'dropout_prob': 0.4, 'learning_rate': 0.001, 'epochs': 2000, 'burn_in': 200, 'batch_size': 2, 'graph_num': 0, 'train_proportion': 0.6, 'include_threshold': 0.1, 'dataset': <dataset.EmotionPhraseDataset object at 0x00000223EA4C5C10>}
2022-09-14 23:37:18,751 __main__ INFO:Seed 9664:  	Minimum train loss: 0.2226 at epoch 1623.	Minimum validation loss 0.2544 at epoch 183.	Average accuracy 0.6689
2022-09-14 23:37:44,702 __main__ INFO:Seed 84:  	Minimum train loss: 0.1793 at epoch 1705.	Minimum validation loss 0.3316 at epoch 34.	Average accuracy 0.7421
2022-09-14 23:38:10,516 __main__ INFO:Seed 6177:  	Minimum train loss: 0.2110 at epoch 1523.	Minimum validation loss 0.2841 at epoch 1.	Average accuracy 0.7055
2022-09-14 23:38:36,356 __main__ INFO:Seed 4638:  	Minimum train loss: 0.2108 at epoch 1425.	Minimum validation loss 0.3176 at epoch 3.	Average accuracy 0.6870
2022-09-14 23:38:36,356 __main__ INFO:Parameters: {'id': 2, 'hidden_neurons': 32, 'hidden_layers': 2, 'dropout_prob': 0.4, 'learning_rate': 0.001, 'epochs': 2000, 'burn_in': 200, 'batch_size': 2, 'graph_num': 0, 'train_proportion': 0.6, 'include_threshold': 0.2, 'dataset': <dataset.EmotionPhraseDataset object at 0x00000223EA4C5C10>}
2022-09-14 23:39:02,809 __main__ INFO:Seed 8308:  	Minimum train loss: 0.2280 at epoch 1483.	Minimum validation loss 0.2675 at epoch 174.	Average accuracy 0.8005
2022-09-14 23:39:29,786 __main__ INFO:Seed 4501:  	Minimum train loss: 0.1709 at epoch 1676.	Minimum validation loss 0.3678 at epoch 0.	Average accuracy 0.8121
2022-09-14 23:39:56,713 __main__ INFO:Seed 7327:  	Minimum train loss: 0.1673 at epoch 1619.	Minimum validation loss 0.3481 at epoch 60.	Average accuracy 0.8037
2022-09-14 23:40:23,143 __main__ INFO:Seed 7532:  	Minimum train loss: 0.2115 at epoch 1703.	Minimum validation loss 0.2928 at epoch 52.	Average accuracy 0.8175
2022-09-14 23:40:23,143 __main__ INFO:Parameters: {'id': 3, 'hidden_neurons': 32, 'hidden_layers': 2, 'dropout_prob': 0.4, 'learning_rate': 0.001, 'epochs': 2000, 'burn_in': 200, 'batch_size': 2, 'graph_num': 0, 'train_proportion': 0.6, 'include_threshold': 0.5, 'dataset': <dataset.EmotionPhraseDataset object at 0x00000223EA4C5C10>}
2022-09-14 23:40:49,214 __main__ INFO:Seed 7651:  	Minimum train loss: 0.1998 at epoch 1729.	Minimum validation loss 0.2951 at epoch 6.	Average accuracy 0.8921
2022-09-14 23:41:15,632 __main__ INFO:Seed 1062:  	Minimum train loss: 0.2183 at epoch 1789.	Minimum validation loss 0.2799 at epoch 174.	Average accuracy 0.8896
2022-09-14 23:41:41,801 __main__ INFO:Seed 3738:  	Minimum train loss: 0.1924 at epoch 1518.	Minimum validation loss 0.3455 at epoch 217.	Average accuracy 0.8732
2022-09-14 23:42:07,866 __main__ INFO:Seed 5085:  	Minimum train loss: 0.1972 at epoch 1783.	Minimum validation loss 0.3047 at epoch 17.	Average accuracy 0.8796
2022-09-14 23:42:07,866 __main__ INFO:Parameters: {'id': 4, 'hidden_neurons': 32, 'hidden_layers': 2, 'dropout_prob': 0.4, 'learning_rate': 0.001, 'epochs': 2000, 'burn_in': 200, 'batch_size': 2, 'graph_num': 0, 'train_proportion': 0.6, 'include_threshold': 0.8, 'dataset': <dataset.EmotionPhraseDataset object at 0x00000223EA4C5C10>}
2022-09-14 23:42:33,756 __main__ INFO:Seed 4978:  	Minimum train loss: 0.2007 at epoch 1703.	Minimum validation loss 0.3033 at epoch 127.	Average accuracy 0.8602
2022-09-14 23:43:00,355 __main__ INFO:Seed 599:  	Minimum train loss: 0.2165 at epoch 1539.	Minimum validation loss 0.2483 at epoch 345.	Average accuracy 0.8948
2022-09-14 23:43:26,248 __main__ INFO:Seed 8011:  	Minimum train loss: 0.2030 at epoch 1628.	Minimum validation loss 0.2844 at epoch 9.	Average accuracy 0.8706
2022-09-14 23:43:54,285 __main__ INFO:Seed 9399:  	Minimum train loss: 0.1703 at epoch 1748.	Minimum validation loss 0.3865 at epoch 0.	Average accuracy 0.8488
2022-09-15 09:45:15,990 __main__ INFO:Seed 4876:  	Minimum train loss: 0.2060 at epoch 1756.	Minimum validation loss 0.2860 at epoch 0.	Average accuracy 0.8900
2022-09-15 09:47:31,110 __main__ INFO:Seed 826:  	Minimum train loss: 0.1773 at epoch 1737.	Minimum validation loss 0.3411 at epoch 7.	Average accuracy 0.8715
2022-09-15 09:49:11,672 __main__ INFO:Parameters: {'id': 1, 'hidden_neurons': 32, 'hidden_layers': 2, 'dropout_prob': 0.1, 'learning_rate': 0.001, 'epochs': 2000, 'burn_in': 100, 'batch_size': 2, 'graph_num': 0, 'train_proportion': 0.6, 'include_threshold': 0.5, 'dataset': <dataset.EmotionPhraseDataset object at 0x000001A8992A7D60>}
2022-09-15 09:49:49,347 __main__ INFO:Seed 4333:  	Minimum train loss: 0.1374 at epoch 1696.	Minimum validation loss 0.3105 at epoch 7.	Average accuracy 0.8628
2022-09-15 09:50:26,391 __main__ INFO:Seed 4186:  	Minimum train loss: 0.1552 at epoch 1722.	Minimum validation loss 0.2945 at epoch 98.	Average accuracy 0.8762
2022-09-15 09:50:26,391 __main__ INFO:Parameters: {'id': 2, 'hidden_neurons': 32, 'hidden_layers': 2, 'dropout_prob': 0.2, 'learning_rate': 0.001, 'epochs': 2000, 'burn_in': 100, 'batch_size': 2, 'graph_num': 0, 'train_proportion': 0.6, 'include_threshold': 0.5, 'dataset': <dataset.EmotionPhraseDataset object at 0x000001A8992A7D60>}
2022-09-15 09:51:03,375 __main__ INFO:Seed 7807:  	Minimum train loss: 0.1892 at epoch 1875.	Minimum validation loss 0.2536 at epoch 317.	Average accuracy 0.8851
2022-09-15 09:51:40,012 __main__ INFO:Seed 212:  	Minimum train loss: 0.1878 at epoch 1896.	Minimum validation loss 0.2755 at epoch 24.	Average accuracy 0.8907
2022-09-15 09:51:40,012 __main__ INFO:Parameters: {'id': 3, 'hidden_neurons': 32, 'hidden_layers': 2, 'dropout_prob': 0.3, 'learning_rate': 0.001, 'epochs': 2000, 'burn_in': 100, 'batch_size': 2, 'graph_num': 0, 'train_proportion': 0.6, 'include_threshold': 0.5, 'dataset': <dataset.EmotionPhraseDataset object at 0x000001A8992A7D60>}
2022-09-15 09:52:17,116 __main__ INFO:Seed 9777:  	Minimum train loss: 0.1925 at epoch 1792.	Minimum validation loss 0.2839 at epoch 187.	Average accuracy 0.8926
2022-09-15 09:52:53,876 __main__ INFO:Seed 3881:  	Minimum train loss: 0.2145 at epoch 1701.	Minimum validation loss 0.2798 at epoch 33.	Average accuracy 0.8964
2022-09-15 09:52:53,880 __main__ INFO:Parameters: {'id': 4, 'hidden_neurons': 32, 'hidden_layers': 2, 'dropout_prob': 0.4, 'learning_rate': 0.001, 'epochs': 2000, 'burn_in': 100, 'batch_size': 2, 'graph_num': 0, 'train_proportion': 0.6, 'include_threshold': 0.5, 'dataset': <dataset.EmotionPhraseDataset object at 0x000001A8992A7D60>}
2022-09-15 09:53:30,410 __main__ INFO:Seed 9105:  	Minimum train loss: 0.1880 at epoch 1881.	Minimum validation loss 0.3508 at epoch 0.	Average accuracy 0.8793
2022-09-15 09:54:07,342 __main__ INFO:Seed 3578:  	Minimum train loss: 0.1920 at epoch 1855.	Minimum validation loss 0.3593 at epoch 5.	Average accuracy 0.8738
2022-09-15 09:57:45,051 __main__ INFO:Seed 306:  	Minimum train loss: 0.2054 at epoch 1612.	Minimum validation loss 0.3122 at epoch 169.	Average accuracy 0.8919
2022-09-15 10:44:37,623 __main__ INFO:Seed 3590:  	Minimum train loss: 0.2024 at epoch 1885.	Minimum validation loss 0.2787 at epoch 41.	Average accuracy 0.9007
2022-09-15 15:45:22,079 __main__ INFO:Seed 4205:  	Minimum train loss: 0.1848 at epoch 1926.	Minimum validation loss 0.3229 at epoch 1.	Average accuracy 0.8723
2022-09-15 15:50:21,519 __main__ INFO:Seed 4935:  	Minimum train loss: 0.1957 at epoch 1880.	Minimum validation loss 0.2856 at epoch 206.	Average accuracy 0.8885
2022-09-15 16:05:58,639 __main__ INFO:Seed 5273:  	Minimum train loss: 0.1892 at epoch 1836.	Minimum validation loss 0.3167 at epoch 88.	Average accuracy 0.8822
2022-09-15 16:06:57,719 __main__ INFO:Seed 6405:  	Minimum train loss: 0.1706 at epoch 1950.	Minimum validation loss 0.3104 at epoch 91.	Average accuracy 0.8706
2022-09-15 16:07:52,804 __main__ INFO:Seed 418:  	Minimum train loss: 0.2450 at epoch 525.	Minimum validation loss 0.2581 at epoch 490.	Average accuracy 0.8940
2022-09-15 16:08:27,208 __main__ INFO:Seed 6048:  	Minimum train loss: 0.2304 at epoch 736.	Minimum validation loss 0.2591 at epoch 214.	Average accuracy 0.9039
2022-09-20 10:15:13,548 __main__ INFO:Seed 6669:  	Minimum train loss: 0.1604 at epoch 681.	Minimum validation loss 0.2328 at epoch 136.	Average accuracy 0.9020
2022-09-20 10:17:04,313 __main__ INFO:Parameters: {'id': 1, 'hidden_neurons': 32, 'hidden_layers': 2, 'dropout_prob': 0.1, 'learning_rate': 0.001, 'epochs': 800, 'burn_in': 0, 'batch_size': 2, 'graph_num': 0, 'train_proportion': 0.6, 'include_threshold': 0.5, 'dataset': <dataset_emotion_phrase.EmotionPhraseDataset object at 0x000002D52C7B7D90>}
2022-09-20 10:17:29,265 __main__ INFO:Seed 1087:  	Minimum train loss: 0.1496 at epoch 797.	Minimum validation loss 0.2197 at epoch 78.	Average accuracy 0.9010
2022-09-20 10:17:54,321 __main__ INFO:Seed 9255:  	Minimum train loss: 0.1485 at epoch 756.	Minimum validation loss 0.2131 at epoch 56.	Average accuracy 0.9055
2022-09-20 10:17:54,321 __main__ INFO:Parameters: {'id': 2, 'hidden_neurons': 32, 'hidden_layers': 2, 'dropout_prob': 0.2, 'learning_rate': 0.001, 'epochs': 800, 'burn_in': 0, 'batch_size': 2, 'graph_num': 0, 'train_proportion': 0.6, 'include_threshold': 0.5, 'dataset': <dataset_emotion_phrase.EmotionPhraseDataset object at 0x000002D52C7B7D90>}
2022-09-20 10:18:19,353 __main__ INFO:Seed 3734:  	Minimum train loss: 0.1630 at epoch 751.	Minimum validation loss 0.2031 at epoch 109.	Average accuracy 0.9064
2022-09-20 10:18:44,332 __main__ INFO:Seed 9501:  	Minimum train loss: 0.1596 at epoch 741.	Minimum validation loss 0.2164 at epoch 79.	Average accuracy 0.9010
2022-09-20 10:18:44,332 __main__ INFO:Parameters: {'id': 3, 'hidden_neurons': 32, 'hidden_layers': 2, 'dropout_prob': 0.3, 'learning_rate': 0.001, 'epochs': 800, 'burn_in': 0, 'batch_size': 2, 'graph_num': 0, 'train_proportion': 0.6, 'include_threshold': 0.5, 'dataset': <dataset_emotion_phrase.EmotionPhraseDataset object at 0x000002D52C7B7D90>}
2022-09-20 10:19:09,360 __main__ INFO:Seed 4158:  	Minimum train loss: 0.1683 at epoch 758.	Minimum validation loss 0.2236 at epoch 29.	Average accuracy 0.9028
2022-09-20 10:19:34,383 __main__ INFO:Seed 1256:  	Minimum train loss: 0.1616 at epoch 791.	Minimum validation loss 0.2374 at epoch 25.	Average accuracy 0.8990
2022-09-20 10:19:34,383 __main__ INFO:Parameters: {'id': 4, 'hidden_neurons': 32, 'hidden_layers': 2, 'dropout_prob': 0.4, 'learning_rate': 0.001, 'epochs': 800, 'burn_in': 0, 'batch_size': 2, 'graph_num': 0, 'train_proportion': 0.6, 'include_threshold': 0.5, 'dataset': <dataset_emotion_phrase.EmotionPhraseDataset object at 0x000002D52C7B7D90>}
2022-09-20 10:19:59,467 __main__ INFO:Seed 3270:  	Minimum train loss: 0.1877 at epoch 798.	Minimum validation loss 0.1970 at epoch 389.	Average accuracy 0.9127
2022-09-20 10:20:24,557 __main__ INFO:Seed 2548:  	Minimum train loss: 0.1724 at epoch 759.	Minimum validation loss 0.2214 at epoch 130.	Average accuracy 0.9057
2022-09-20 10:20:34,801 __main__ INFO:Parameters: {'id': 1, 'hidden_neurons': 32, 'hidden_layers': 2, 'dropout_prob': 0.3, 'learning_rate': 0.001, 'epochs': 800, 'burn_in': 0, 'batch_size': 2, 'graph_num': 0, 'train_proportion': 0.6, 'include_threshold': 0.5, 'dataset': <dataset_emotion_phrase.EmotionPhraseDataset object at 0x0000020DA3848CD0>}
2022-09-20 10:20:59,840 __main__ INFO:Seed 1645:  	Minimum train loss: 0.1746 at epoch 787.	Minimum validation loss 0.2043 at epoch 91.	Average accuracy 0.9085
2022-09-20 10:21:20,680 __main__ INFO:Parameters: {'id': 1, 'hidden_neurons': 32, 'hidden_layers': 2, 'dropout_prob': 0.3, 'learning_rate': 0.001, 'epochs': 800, 'burn_in': 0, 'batch_size': 8, 'graph_num': 0, 'train_proportion': 0.6, 'include_threshold': 0.5, 'dataset': <dataset_emotion_phrase.EmotionPhraseDataset object at 0x000001DFA8858D00>}
2022-09-20 10:21:27,773 __main__ INFO:Seed 4620:  	Minimum train loss: 0.1838 at epoch 785.	Minimum validation loss 0.2124 at epoch 320.	Average accuracy 0.8569
2022-09-20 10:21:34,842 __main__ INFO:Seed 5534:  	Minimum train loss: 0.1756 at epoch 741.	Minimum validation loss 0.2366 at epoch 193.	Average accuracy 0.8493
2022-09-20 10:21:34,843 __main__ INFO:Parameters: {'id': 2, 'hidden_neurons': 32, 'hidden_layers': 3, 'dropout_prob': 0.3, 'learning_rate': 0.001, 'epochs': 800, 'burn_in': 0, 'batch_size': 8, 'graph_num': 0, 'train_proportion': 0.6, 'include_threshold': 0.5, 'dataset': <dataset_emotion_phrase.EmotionPhraseDataset object at 0x000001DFA8858D00>}
2022-09-20 10:21:42,782 __main__ INFO:Seed 4442:  	Minimum train loss: 0.1884 at epoch 797.	Minimum validation loss 0.2365 at epoch 148.	Average accuracy 0.8490
2022-09-20 10:21:50,714 __main__ INFO:Seed 705:  	Minimum train loss: 0.2098 at epoch 722.	Minimum validation loss 0.1932 at epoch 776.	Average accuracy 0.8610
2022-09-20 10:21:50,714 __main__ INFO:Parameters: {'id': 3, 'hidden_neurons': 32, 'hidden_layers': 4, 'dropout_prob': 0.3, 'learning_rate': 0.001, 'epochs': 800, 'burn_in': 0, 'batch_size': 8, 'graph_num': 0, 'train_proportion': 0.6, 'include_threshold': 0.5, 'dataset': <dataset_emotion_phrase.EmotionPhraseDataset object at 0x000001DFA8858D00>}
2022-09-20 10:21:59,550 __main__ INFO:Seed 1810:  	Minimum train loss: 0.1974 at epoch 787.	Minimum validation loss 0.2214 at epoch 257.	Average accuracy 0.8485
2022-09-20 10:22:06,142 __main__ INFO:Parameters: {'id': 1, 'hidden_neurons': 32, 'hidden_layers': 2, 'dropout_prob': 0.3, 'learning_rate': 0.0001, 'epochs': 800, 'burn_in': 0, 'batch_size': 8, 'graph_num': 0, 'train_proportion': 0.6, 'include_threshold': 0.5, 'dataset': <dataset_emotion_phrase.EmotionPhraseDataset object at 0x000001CBA5C77D00>}
2022-09-20 10:22:13,341 __main__ INFO:Seed 1421:  	Minimum train loss: 0.2063 at epoch 711.	Minimum validation loss 0.2299 at epoch 542.	Average accuracy 0.8440
2022-09-20 10:22:23,917 __main__ INFO:Parameters: {'id': 1, 'hidden_neurons': 32, 'hidden_layers': 2, 'dropout_prob': 0.3, 'learning_rate': 0.001, 'epochs': 2000, 'burn_in': 0, 'batch_size': 8, 'graph_num': 0, 'train_proportion': 0.6, 'include_threshold': 0.5, 'dataset': <dataset_emotion_phrase.EmotionPhraseDataset object at 0x000002EA85867D00>}
2022-09-20 10:22:41,538 __main__ INFO:Seed 8426:  	Minimum train loss: 0.1561 at epoch 1924.	Minimum validation loss 0.2373 at epoch 186.	Average accuracy 0.8509
2022-09-20 10:22:47,575 __main__ INFO:Parameters: {'id': 1, 'hidden_neurons': 64, 'hidden_layers': 2, 'dropout_prob': 0.3, 'learning_rate': 0.001, 'epochs': 2000, 'burn_in': 0, 'batch_size': 8, 'graph_num': 0, 'train_proportion': 0.6, 'include_threshold': 0.5, 'dataset': <dataset_emotion_phrase.EmotionPhraseDataset object at 0x000002825B057D00>}
2022-09-20 10:23:05,510 __main__ INFO:Seed 2098:  	Minimum train loss: 0.1437 at epoch 1924.	Minimum validation loss 0.2261 at epoch 139.	Average accuracy 0.8508
2022-09-20 10:23:13,367 __main__ INFO:Parameters: {'id': 1, 'hidden_neurons': 64, 'hidden_layers': 2, 'dropout_prob': 0.3, 'learning_rate': 0.001, 'epochs': 2000, 'burn_in': 0, 'batch_size': 2, 'graph_num': 0, 'train_proportion': 0.6, 'include_threshold': 0.5, 'dataset': <dataset_emotion_phrase.EmotionPhraseDataset object at 0x000001A368350CD0>}
2022-09-20 10:24:16,968 __main__ INFO:Parameters: {'id': 1, 'hidden_neurons': 64, 'hidden_layers': 2, 'dropout_prob': 0.3, 'learning_rate': 0.001, 'epochs': 800, 'burn_in': 0, 'batch_size': 1, 'graph_num': 0, 'train_proportion': 0.6, 'include_threshold': 0.5, 'dataset': <dataset_emotion_phrase.EmotionPhraseDataset object at 0x000001BFDA418CD0>}
2022-09-20 10:25:05,280 __main__ INFO:Seed 4018:  	Minimum train loss: 0.1485 at epoch 739.	Minimum validation loss 0.2141 at epoch 41.	Average accuracy 0.9166
2022-09-20 10:25:54,968 __main__ INFO:Seed 9250:  	Minimum train loss: 0.1556 at epoch 760.	Minimum validation loss 0.1982 at epoch 39.	Average accuracy 0.9224
2022-09-20 10:25:54,968 __main__ INFO:Parameters: {'id': 2, 'hidden_neurons': 64, 'hidden_layers': 3, 'dropout_prob': 0.3, 'learning_rate': 0.001, 'epochs': 800, 'burn_in': 0, 'batch_size': 1, 'graph_num': 0, 'train_proportion': 0.6, 'include_threshold': 0.5, 'dataset': <dataset_emotion_phrase.EmotionPhraseDataset object at 0x000001BFDA418CD0>}
2022-09-20 10:26:49,897 __main__ INFO:Seed 6552:  	Minimum train loss: 0.1757 at epoch 590.	Minimum validation loss 0.2160 at epoch 79.	Average accuracy 0.9190
2022-09-20 10:27:44,819 __main__ INFO:Seed 3006:  	Minimum train loss: 0.1785 at epoch 795.	Minimum validation loss 0.2042 at epoch 17.	Average accuracy 0.9252
2022-09-20 10:27:44,819 __main__ INFO:Parameters: {'id': 3, 'hidden_neurons': 64, 'hidden_layers': 4, 'dropout_prob': 0.3, 'learning_rate': 0.001, 'epochs': 800, 'burn_in': 0, 'batch_size': 1, 'graph_num': 0, 'train_proportion': 0.6, 'include_threshold': 0.5, 'dataset': <dataset_emotion_phrase.EmotionPhraseDataset object at 0x000001BFDA418CD0>}
2022-09-20 10:28:47,151 __main__ INFO:Seed 4258:  	Minimum train loss: 0.1857 at epoch 768.	Minimum validation loss 0.2203 at epoch 27.	Average accuracy 0.9215
2022-09-20 10:29:50,032 __main__ INFO:Seed 8989:  	Minimum train loss: 0.1873 at epoch 797.	Minimum validation loss 0.2146 at epoch 170.	Average accuracy 0.9212
2022-09-28 13:19:25,196 __main__ INFO:Parameters: {'id': 1, 'hidden_neurons': 64, 'hidden_layers': 2, 'dropout_prob': 0.3, 'learning_rate': 0.001, 'epochs': 800, 'burn_in': 0, 'batch_size': 1, 'graph_num': 0, 'train_proportion': 0.6, 'include_threshold': 0.5, 'dataset': <dataset_emotion_phrase.EmotionPhraseDataset object at 0x00000241F69B97C0>}
2022-10-04 16:22:38,007 __main__ INFO:Seed 2075:  	Minimum train loss: 1.5578 at epoch 37.	Minimum validation loss 1.8415 at epoch 43.
2022-10-04 16:31:01,939 __main__ INFO:Seed 8283:  	Minimum train loss: 1.1239 at epoch 186.	Minimum validation loss 1.8688 at epoch 32.
2022-10-04 16:33:51,194 __main__ INFO:Seed 3191:  	Minimum train loss: 1.5696 at epoch 44.	Minimum validation loss 1.6507 at epoch 45.
2022-10-04 16:36:56,188 __main__ INFO:Seed 9550:  	Minimum train loss: 1.4125 at epoch 90.	Minimum validation loss 1.4979 at epoch 74.
2022-10-04 17:00:27,845 __main__ INFO:Seed 8008:  	Minimum train loss: 1.7612 at epoch 94.	Minimum validation loss 2.0055 at epoch 95.	Average validation acc 0.4337
2022-10-04 17:02:39,903 __main__ INFO:Seed 4901:  	Minimum train loss: 1.8239 at epoch 96.	Minimum validation loss 1.7331 at epoch 56.	Average validation acc 0.3621
2022-10-04 17:06:21,609 __main__ INFO:Seed 4771:  	Minimum train loss: 1.7762 at epoch 95.	Minimum validation loss 1.8293 at epoch 92.	Average validation acc 0.3968
2022-10-04 17:12:17,610 __main__ INFO:Seed 2528:  	Minimum train loss: 1.7160 at epoch 93.	Minimum validation loss 2.0171 at epoch 75.	Average validation acc 0.3718
2022-10-04 17:17:00,883 __main__ INFO:Seed 1803:  	Minimum train loss: 1.6044 at epoch 292.	Minimum validation loss 1.8699 at epoch 192.	Average validation acc 0.4923
2022-10-04 17:59:20,900 __main__ INFO:Seed 6869:  	Minimum train loss: 1.4672 at epoch 717.	Minimum validation loss 1.9348 at epoch 259.	Average validation acc 0.4735
2022-10-04 18:07:41,396 __main__ INFO:Seed 2210:  	Minimum train loss: 1.6135 at epoch 721.	Minimum validation loss 1.7897 at epoch 357.	Average validation acc 0.5976
2022-10-04 18:15:54,217 __main__ INFO:Seed 7330:  	Minimum train loss: 1.5047 at epoch 609.	Minimum validation loss 1.6335 at epoch 193.	Average validation acc 0.5222
